Line 15: Class RichTextLib.RichTextBox of control RichTextBox1 was not a loaded control class.
Line 27: Class MSComctlLib.StatusBar of control StatusBar1 was not a loaded control class.
Line 60: Class MSComDlg.CommonDialog of control CommonDialog1 was not a loaded control class.
Line 67: Class MSComctlLib.Toolbar of control Toolbar1 was not a loaded control class.
Line 115: Class MSComctlLib.ImageList of control ImageList1 was not a loaded control class.
Line 21: The property name _ExtentX in RichTextBox1 is invalid.
Line 22: The property name _ExtentY in RichTextBox1 is invalid.
Line 23: The property name _Version in RichTextBox1 is invalid.
Line 24: The property name ScrollBars in RichTextBox1 is invalid.
Line 25: The property name TextRTF in RichTextBox1 is invalid.
Line 34: The property name _ExtentX in StatusBar1 is invalid.
Line 35: The property name _ExtentY in StatusBar1 is invalid.
Line 36: The property name _Version in StatusBar1 is invalid.
Line 58: The property name Panels in StatusBar1 is invalid.
Line 63: The property name _ExtentX in CommonDialog1 is invalid.
Line 64: The property name _ExtentY in CommonDialog1 is invalid.
Line 65: The property name _Version in CommonDialog1 is invalid.
Line 74: The property name _ExtentX in Toolbar1 is invalid.
Line 75: The property name _ExtentY in Toolbar1 is invalid.
Line 76: The property name ButtonWidth in Toolbar1 is invalid.
Line 77: The property name ButtonHeight in Toolbar1 is invalid.
Line 79: The property name ImageList in Toolbar1 is invalid.
Line 80: The property name _Version in Toolbar1 is invalid.
Line 113: The property name Buttons in Toolbar1 is invalid.
Line 118: The property name _ExtentX in ImageList1 is invalid.
Line 119: The property name _ExtentY in ImageList1 is invalid.
Line 121: The property name ImageWidth in ImageList1 is invalid.
Line 122: The property name ImageHeight in ImageList1 is invalid.
Line 123: The property name MaskColor in ImageList1 is invalid.
Line 124: The property name _Version in ImageList1 is invalid.
Line 151: The property name Images in ImageList1 is invalid.
